2016-09-03T03:17:11.554Z - info: Initializing jsreport in development mode using configuration file dev.config.json
2016-09-03T03:17:11.567Z - info: Setting process based strategy for rendering. Please visit http://jsreport.net/learn/configuration for information how to get more performance.
2016-09-03T03:17:11.616Z - info: Searching for available extensions in C:\xampp\htdocs\siakadmean\
2016-09-03T03:17:11.654Z - info: Extensions location cache not found, crawling directories
2016-09-03T03:17:20.574Z - info: Found 25 extensions
2016-09-03T03:17:20.690Z - debug: Writing extension locations cache to C:\Users\JUANCE~1\AppData\Local\Temp\jsreport-temp\extensions\locations.json
2016-09-03T03:17:20.700Z - debug: Discovered 25 extensions
2016-09-03T03:17:20.737Z - info: Using extension jsrender
2016-09-03T03:17:20.749Z - info: Using extension authentication
2016-09-03T03:17:21.807Z - debug: Extension authentication was disabled
2016-09-03T03:17:21.808Z - info: Using extension browser-client
2016-09-03T03:17:23.819Z - info: Using extension templates
2016-09-03T03:17:23.919Z - info: Using extension studio
2016-09-03T03:17:27.572Z - info: Using extension debug
2016-09-03T03:17:27.619Z - info: Using extension express
2016-09-03T03:17:31.805Z - info: Using extension fop-pdf
2016-09-03T03:17:31.964Z - info: Using extension handlebars
2016-09-03T03:17:31.968Z - info: Using extension resources
2016-09-03T03:17:32.183Z - info: Using extension fs-store
2016-09-03T03:17:36.117Z - debug: Extension fs-store was disabled
2016-09-03T03:17:36.118Z - info: Using extension images
2016-09-03T03:17:38.675Z - info: Using extension authorization
2016-09-03T03:17:38.940Z - debug: Extension authorization was disabled
2016-09-03T03:17:38.941Z - info: Using extension licensing
2016-09-03T03:17:39.823Z - info: Using extension phantom-pdf
2016-09-03T03:17:39.878Z - info: Using extension text
2016-09-03T03:17:39.883Z - info: Using extension reports
2016-09-03T03:17:39.981Z - info: Using extension html-to-xlsx
2016-09-03T03:17:40.222Z - info: Using extension child-templates
2016-09-03T03:17:40.402Z - info: Using extension data
2016-09-03T03:17:40.445Z - info: Using extension scripts
2016-09-03T03:17:40.494Z - info: Using extension scheduling
2016-09-03T03:17:41.061Z - info: Using extension xlsx
2016-09-03T03:17:43.078Z - info: Using extension sample-template
2016-09-03T03:17:43.102Z - info: Using extension public-templates
2016-09-03T03:17:43.302Z - debug: Extension public-templates was disabled
2016-09-03T03:17:43.383Z - info: Creating memory store
2016-09-03T03:17:43.476Z - info: Creating default express app.
2016-09-03T03:17:47.084Z - error: Error when starting http server on port 3000 Error: listen EADDRINUSE :::3000
    at Object.exports._errnoException (util.js:870:11)
    at exports._exceptionWithHostPort (util.js:893:20)
    at Server._listen2 (net.js:1234:14)
    at listen (net.js:1270:10)
    at Server.listen (net.js:1366:5)
    at startAsync (C:\xampp\htdocs\siakadmean\node_modules\jsreport\node_modules\jsreport-express\lib\reporter.express.js:24:10)
    at startExpressApp (C:\xampp\htdocs\siakadmean\node_modules\jsreport\node_modules\jsreport-express\lib\reporter.express.js:51:12)
    at null.<anonymous> (C:\xampp\htdocs\siakadmean\node_modules\jsreport\node_modules\jsreport-express\lib\reporter.express.js:186:12)
    at C:\xampp\htdocs\siakadmean\node_modules\jsreport\node_modules\jsreport-core\node_modules\listener-collection\lib\listenerCollection.js:172:41
    at C:\xampp\htdocs\siakadmean\node_modules\jsreport\node_modules\jsreport-core\node_modules\listener-collection\lib\listenerCollection.js:151:24
    at _fulfilled (C:\xampp\htdocs\siakadmean\node_modules\jsreport\node_modules\jsreport-core\node_modules\listener-collection\node_modules\q\q.js:794:54)
    at self.promiseDispatch.done (C:\xampp\htdocs\siakadmean\node_modules\jsreport\node_modules\jsreport-core\node_modules\listener-collection\node_modules\q\q.js:823:30)
    at Promise.promise.promiseDispatch (C:\xampp\htdocs\siakadmean\node_modules\jsreport\node_modules\jsreport-core\node_modules\listener-collection\node_modules\q\q.js:756:13)
    at C:\xampp\htdocs\siakadmean\node_modules\jsreport\node_modules\jsreport-core\node_modules\listener-collection\node_modules\q\q.js:516:49
    at flush (C:\xampp\htdocs\siakadmean\node_modules\jsreport\node_modules\jsreport-core\node_modules\listener-collection\node_modules\q\q.js:110:17)
    at nextTickCallbackWith0Args (node.js:420:9)
2016-09-03T03:17:47.090Z - error: Error occured during reporter init Error: listen EADDRINUSE :::3000
    at Object.exports._errnoException (util.js:870:11)
    at exports._exceptionWithHostPort (util.js:893:20)
    at Server._listen2 (net.js:1234:14)
    at listen (net.js:1270:10)
    at Server.listen (net.js:1366:5)
    at startAsync (C:\xampp\htdocs\siakadmean\node_modules\jsreport\node_modules\jsreport-express\lib\reporter.express.js:24:10)
    at startExpressApp (C:\xampp\htdocs\siakadmean\node_modules\jsreport\node_modules\jsreport-express\lib\reporter.express.js:51:12)
    at null.<anonymous> (C:\xampp\htdocs\siakadmean\node_modules\jsreport\node_modules\jsreport-express\lib\reporter.express.js:186:12)
    at C:\xampp\htdocs\siakadmean\node_modules\jsreport\node_modules\jsreport-core\node_modules\listener-collection\lib\listenerCollection.js:172:41
    at C:\xampp\htdocs\siakadmean\node_modules\jsreport\node_modules\jsreport-core\node_modules\listener-collection\lib\listenerCollection.js:151:24
    at _fulfilled (C:\xampp\htdocs\siakadmean\node_modules\jsreport\node_modules\jsreport-core\node_modules\listener-collection\node_modules\q\q.js:794:54)
    at self.promiseDispatch.done (C:\xampp\htdocs\siakadmean\node_modules\jsreport\node_modules\jsreport-core\node_modules\listener-collection\node_modules\q\q.js:823:30)
    at Promise.promise.promiseDispatch (C:\xampp\htdocs\siakadmean\node_modules\jsreport\node_modules\jsreport-core\node_modules\listener-collection\node_modules\q\q.js:756:13)
    at C:\xampp\htdocs\siakadmean\node_modules\jsreport\node_modules\jsreport-core\node_modules\listener-collection\node_modules\q\q.js:516:49
    at flush (C:\xampp\htdocs\siakadmean\node_modules\jsreport\node_modules\jsreport-core\node_modules\listener-collection\node_modules\q\q.js:110:17)
From previous event:
From previous event:
    at C:\xampp\htdocs\siakadmean\node_modules\jsreport\node_modules\jsreport-core\lib\reporter.js:90:8
From previous event:
    at Reporter.init (C:\xampp\htdocs\siakadmean\node_modules\jsreport\node_modules\jsreport-core\lib\reporter.js:69:30)
    at Reporter.reporter.init (C:\xampp\htdocs\siakadmean\node_modules\jsreport\lib\extendInit.js:8:21)
    at Object.<anonymous> (C:\xampp\htdocs\siakadmean\server.js:16:55)
2016-09-03T03:18:31.070Z - info: Initializing jsreport in development mode using configuration file dev.config.json
2016-09-03T03:18:31.078Z - info: Setting process based strategy for rendering. Please visit http://jsreport.net/learn/configuration for information how to get more performance.
2016-09-03T03:18:31.094Z - info: Searching for available extensions in C:\xampp\htdocs\siakadmean\
2016-09-03T03:18:32.389Z - info: Extensions location cache contains up to date information, skipping crawling in C:\xampp\htdocs\siakadmean\node_modules\jsreport\node_modules\
2016-09-03T03:18:34.963Z - info: Found 25 extensions
2016-09-03T03:18:35.042Z - debug: Writing extension locations cache to C:\Users\JUANCE~1\AppData\Local\Temp\jsreport-temp\extensions\locations.json
2016-09-03T03:18:35.046Z - debug: Discovered 25 extensions
2016-09-03T03:18:35.055Z - info: Using extension jsrender
2016-09-03T03:18:35.069Z - info: Using extension authentication
2016-09-03T03:18:35.292Z - debug: Extension authentication was disabled
2016-09-03T03:18:35.294Z - info: Using extension browser-client
2016-09-03T03:18:35.448Z - info: Using extension templates
2016-09-03T03:18:35.507Z - info: Using extension studio
2016-09-03T03:18:36.144Z - info: Using extension debug
2016-09-03T03:18:36.148Z - info: Using extension express
2016-09-03T03:18:36.769Z - info: Using extension fop-pdf
2016-09-03T03:18:36.936Z - info: Using extension handlebars
2016-09-03T03:18:36.944Z - info: Using extension resources
2016-09-03T03:18:36.979Z - info: Using extension fs-store
2016-09-03T03:18:37.489Z - debug: Extension fs-store was disabled
2016-09-03T03:18:37.490Z - info: Using extension images
2016-09-03T03:18:37.774Z - info: Using extension authorization
2016-09-03T03:18:37.799Z - debug: Extension authorization was disabled
2016-09-03T03:18:37.800Z - info: Using extension licensing
2016-09-03T03:18:37.915Z - info: Using extension phantom-pdf
2016-09-03T03:18:37.971Z - info: Using extension text
2016-09-03T03:18:37.976Z - info: Using extension reports
2016-09-03T03:18:37.998Z - info: Using extension html-to-xlsx
2016-09-03T03:18:38.201Z - info: Using extension child-templates
2016-09-03T03:18:38.241Z - info: Using extension data
2016-09-03T03:18:38.290Z - info: Using extension scripts
2016-09-03T03:18:38.332Z - info: Using extension scheduling
2016-09-03T03:18:38.502Z - info: Using extension xlsx
2016-09-03T03:18:40.274Z - info: Using extension sample-template
2016-09-03T03:18:40.278Z - info: Using extension public-templates
2016-09-03T03:18:40.318Z - debug: Extension public-templates was disabled
2016-09-03T03:18:40.401Z - info: Creating memory store
2016-09-03T03:18:40.479Z - info: Creating default express app.
2016-09-03T03:18:40.878Z - error: Error when starting http server on port 3000 Error: listen EADDRINUSE :::3000
    at Object.exports._errnoException (util.js:870:11)
    at exports._exceptionWithHostPort (util.js:893:20)
    at Server._listen2 (net.js:1234:14)
    at listen (net.js:1270:10)
    at Server.listen (net.js:1366:5)
    at startAsync (C:\xampp\htdocs\siakadmean\node_modules\jsreport\node_modules\jsreport-express\lib\reporter.express.js:24:10)
    at startExpressApp (C:\xampp\htdocs\siakadmean\node_modules\jsreport\node_modules\jsreport-express\lib\reporter.express.js:51:12)
    at null.<anonymous> (C:\xampp\htdocs\siakadmean\node_modules\jsreport\node_modules\jsreport-express\lib\reporter.express.js:186:12)
    at C:\xampp\htdocs\siakadmean\node_modules\jsreport\node_modules\jsreport-core\node_modules\listener-collection\lib\listenerCollection.js:172:41
    at C:\xampp\htdocs\siakadmean\node_modules\jsreport\node_modules\jsreport-core\node_modules\listener-collection\lib\listenerCollection.js:151:24
    at _fulfilled (C:\xampp\htdocs\siakadmean\node_modules\jsreport\node_modules\jsreport-core\node_modules\listener-collection\node_modules\q\q.js:794:54)
    at self.promiseDispatch.done (C:\xampp\htdocs\siakadmean\node_modules\jsreport\node_modules\jsreport-core\node_modules\listener-collection\node_modules\q\q.js:823:30)
    at Promise.promise.promiseDispatch (C:\xampp\htdocs\siakadmean\node_modules\jsreport\node_modules\jsreport-core\node_modules\listener-collection\node_modules\q\q.js:756:13)
    at C:\xampp\htdocs\siakadmean\node_modules\jsreport\node_modules\jsreport-core\node_modules\listener-collection\node_modules\q\q.js:516:49
    at flush (C:\xampp\htdocs\siakadmean\node_modules\jsreport\node_modules\jsreport-core\node_modules\listener-collection\node_modules\q\q.js:110:17)
    at nextTickCallbackWith0Args (node.js:420:9)
2016-09-03T03:18:40.884Z - error: Error occured during reporter init Error: listen EADDRINUSE :::3000
    at Object.exports._errnoException (util.js:870:11)
    at exports._exceptionWithHostPort (util.js:893:20)
    at Server._listen2 (net.js:1234:14)
    at listen (net.js:1270:10)
    at Server.listen (net.js:1366:5)
    at startAsync (C:\xampp\htdocs\siakadmean\node_modules\jsreport\node_modules\jsreport-express\lib\reporter.express.js:24:10)
    at startExpressApp (C:\xampp\htdocs\siakadmean\node_modules\jsreport\node_modules\jsreport-express\lib\reporter.express.js:51:12)
    at null.<anonymous> (C:\xampp\htdocs\siakadmean\node_modules\jsreport\node_modules\jsreport-express\lib\reporter.express.js:186:12)
    at C:\xampp\htdocs\siakadmean\node_modules\jsreport\node_modules\jsreport-core\node_modules\listener-collection\lib\listenerCollection.js:172:41
    at C:\xampp\htdocs\siakadmean\node_modules\jsreport\node_modules\jsreport-core\node_modules\listener-collection\lib\listenerCollection.js:151:24
    at _fulfilled (C:\xampp\htdocs\siakadmean\node_modules\jsreport\node_modules\jsreport-core\node_modules\listener-collection\node_modules\q\q.js:794:54)
    at self.promiseDispatch.done (C:\xampp\htdocs\siakadmean\node_modules\jsreport\node_modules\jsreport-core\node_modules\listener-collection\node_modules\q\q.js:823:30)
    at Promise.promise.promiseDispatch (C:\xampp\htdocs\siakadmean\node_modules\jsreport\node_modules\jsreport-core\node_modules\listener-collection\node_modules\q\q.js:756:13)
    at C:\xampp\htdocs\siakadmean\node_modules\jsreport\node_modules\jsreport-core\node_modules\listener-collection\node_modules\q\q.js:516:49
    at flush (C:\xampp\htdocs\siakadmean\node_modules\jsreport\node_modules\jsreport-core\node_modules\listener-collection\node_modules\q\q.js:110:17)
From previous event:
From previous event:
    at C:\xampp\htdocs\siakadmean\node_modules\jsreport\node_modules\jsreport-core\lib\reporter.js:90:8
From previous event:
    at Reporter.init (C:\xampp\htdocs\siakadmean\node_modules\jsreport\node_modules\jsreport-core\lib\reporter.js:69:30)
    at Reporter.reporter.init (C:\xampp\htdocs\siakadmean\node_modules\jsreport\lib\extendInit.js:8:21)
    at Object.<anonymous> (C:\xampp\htdocs\siakadmean\server.js:16:55)
2016-09-03T03:19:57.000Z - info: Initializing jsreport in development mode using configuration file dev.config.json
2016-09-03T03:19:57.005Z - info: Setting process based strategy for rendering. Please visit http://jsreport.net/learn/configuration for information how to get more performance.
2016-09-03T03:19:57.024Z - info: Searching for available extensions in C:\xampp\htdocs\siakadmean\
2016-09-03T03:19:58.350Z - info: Extensions location cache contains up to date information, skipping crawling in C:\xampp\htdocs\siakadmean\node_modules\jsreport\node_modules\
2016-09-03T03:20:01.040Z - info: Found 25 extensions
2016-09-03T03:20:01.106Z - debug: Writing extension locations cache to C:\Users\JUANCE~1\AppData\Local\Temp\jsreport-temp\extensions\locations.json
2016-09-03T03:20:01.111Z - debug: Discovered 25 extensions
2016-09-03T03:20:01.117Z - info: Using extension jsrender
2016-09-03T03:20:01.160Z - info: Using extension authentication
2016-09-03T03:20:01.345Z - debug: Extension authentication was disabled
2016-09-03T03:20:01.346Z - info: Using extension browser-client
2016-09-03T03:20:01.512Z - info: Using extension templates
2016-09-03T03:20:01.569Z - info: Using extension studio
2016-09-03T03:20:02.146Z - info: Using extension debug
2016-09-03T03:20:02.151Z - info: Using extension express
2016-09-03T03:20:02.691Z - info: Using extension fop-pdf
2016-09-03T03:20:02.817Z - info: Using extension handlebars
2016-09-03T03:20:02.821Z - info: Using extension resources
2016-09-03T03:20:02.850Z - info: Using extension fs-store
2016-09-03T03:20:03.328Z - debug: Extension fs-store was disabled
2016-09-03T03:20:03.330Z - info: Using extension images
2016-09-03T03:20:03.606Z - info: Using extension authorization
2016-09-03T03:20:03.629Z - debug: Extension authorization was disabled
2016-09-03T03:20:03.630Z - info: Using extension licensing
2016-09-03T03:20:03.734Z - info: Using extension phantom-pdf
2016-09-03T03:20:03.780Z - info: Using extension text
2016-09-03T03:20:03.783Z - info: Using extension reports
2016-09-03T03:20:03.808Z - info: Using extension html-to-xlsx
2016-09-03T03:20:04.002Z - info: Using extension child-templates
2016-09-03T03:20:04.034Z - info: Using extension data
2016-09-03T03:20:04.090Z - info: Using extension scripts
2016-09-03T03:20:04.130Z - info: Using extension scheduling
2016-09-03T03:20:04.301Z - info: Using extension xlsx
2016-09-03T03:20:06.049Z - info: Using extension sample-template
2016-09-03T03:20:06.053Z - info: Using extension public-templates
2016-09-03T03:20:06.102Z - debug: Extension public-templates was disabled
2016-09-03T03:20:06.182Z - info: Creating memory store
2016-09-03T03:20:06.243Z - info: Creating default express app.
2016-09-03T03:20:06.636Z - info: jsreport server successfully started on http port: 50351
2016-09-03T03:20:06.646Z - warn: License not found, using free
2016-09-03T03:20:06.827Z - info: reporter initialized
2016-09-03T03:24:18.100Z - info: Initializing jsreport in development mode using configuration file dev.config.json
2016-09-03T03:24:18.109Z - info: Setting process based strategy for rendering. Please visit http://jsreport.net/learn/configuration for information how to get more performance.
2016-09-03T03:24:18.126Z - info: Searching for available extensions in C:\xampp\htdocs\siakadmean\
2016-09-03T03:24:18.180Z - info: Extensions location cache contains up to date information, skipping crawling in C:\xampp\htdocs\siakadmean\node_modules\jsreport\node_modules\
2016-09-03T03:24:21.178Z - info: Found 25 extensions
2016-09-03T03:24:22.651Z - debug: Writing extension locations cache to C:\Users\JUANCE~1\AppData\Local\Temp\jsreport-temp\extensions\locations.json
2016-09-03T03:24:22.701Z - debug: Discovered 25 extensions
2016-09-03T03:24:22.875Z - info: Using extension jsrender
2016-09-03T03:24:22.903Z - info: Using extension authentication
2016-09-03T03:24:23.198Z - debug: Extension authentication was disabled
2016-09-03T03:24:23.199Z - info: Using extension browser-client
2016-09-03T03:24:23.427Z - info: Using extension templates
2016-09-03T03:24:23.533Z - info: Using extension studio
2016-09-03T03:24:24.518Z - info: Using extension debug
2016-09-03T03:24:24.532Z - info: Using extension express
2016-09-03T03:24:25.339Z - info: Using extension fop-pdf
2016-09-03T03:24:25.519Z - info: Using extension handlebars
2016-09-03T03:24:25.530Z - info: Using extension resources
2016-09-03T03:24:25.567Z - info: Using extension fs-store
2016-09-03T03:24:26.059Z - debug: Extension fs-store was disabled
2016-09-03T03:24:26.060Z - info: Using extension images
2016-09-03T03:24:26.332Z - info: Using extension authorization
2016-09-03T03:24:26.353Z - debug: Extension authorization was disabled
2016-09-03T03:24:26.355Z - info: Using extension licensing
2016-09-03T03:24:26.474Z - info: Using extension phantom-pdf
2016-09-03T03:24:26.521Z - info: Using extension text
2016-09-03T03:24:26.526Z - info: Using extension reports
2016-09-03T03:24:26.551Z - info: Using extension html-to-xlsx
2016-09-03T03:24:26.762Z - info: Using extension child-templates
2016-09-03T03:24:26.793Z - info: Using extension data
2016-09-03T03:24:26.841Z - info: Using extension scripts
2016-09-03T03:24:26.880Z - info: Using extension scheduling
2016-09-03T03:24:27.075Z - info: Using extension xlsx
2016-09-03T03:24:28.944Z - info: Using extension sample-template
2016-09-03T03:24:28.949Z - info: Using extension public-templates
2016-09-03T03:24:28.995Z - debug: Extension public-templates was disabled
2016-09-03T03:24:29.081Z - info: Creating memory store
2016-09-03T03:24:29.172Z - info: Creating default express app.
2016-09-03T03:24:29.781Z - info: jsreport server successfully started on http port: 50383
2016-09-03T03:24:29.789Z - warn: License not found, using free
2016-09-03T03:24:29.844Z - info: reporter initialized
2016-09-03T03:24:43.472Z - info: Starting rendering request 1 (user: null) requestId=1
2016-09-03T03:24:43.499Z - info: Rendering anonymous template { recipe:html,engine:undefined} requestId=1
2016-09-03T03:24:43.524Z - debug: Inline data specified. requestId=1
2016-09-03T03:24:43.534Z - debug: Resources not defined for this template. requestId=1
2016-09-03T03:24:43.560Z - error: Error when processing render request Error during rendering report: Engine must be specified Error: Engine must be specified
    at invokeRender (C:\xampp\htdocs\siakadmean\node_modules\jsreport\node_modules\jsreport-core\lib\render\render.js:66:11)
    at C:\xampp\htdocs\siakadmean\node_modules\jsreport\node_modules\jsreport-core\lib\render\render.js:143:12
    at _fulfilled (C:\xampp\htdocs\siakadmean\node_modules\jsreport\node_modules\jsreport-core\node_modules\listener-collection\node_modules\q\q.js:794:54)
    at self.promiseDispatch.done (C:\xampp\htdocs\siakadmean\node_modules\jsreport\node_modules\jsreport-core\node_modules\listener-collection\node_modules\q\q.js:823:30)
    at Promise.promise.promiseDispatch (C:\xampp\htdocs\siakadmean\node_modules\jsreport\node_modules\jsreport-core\node_modules\listener-collection\node_modules\q\q.js:756:13)
    at C:\xampp\htdocs\siakadmean\node_modules\jsreport\node_modules\jsreport-core\node_modules\listener-collection\node_modules\q\q.js:564:44
    at flush (C:\xampp\htdocs\siakadmean\node_modules\jsreport\node_modules\jsreport-core\node_modules\listener-collection\node_modules\q\q.js:110:17)
    at nextTickCallbackWith0Args (node.js:420:9)
    at process._tickCallback (node.js:349:13) requestId=1
2016-09-03T03:25:43.074Z - info: Initializing jsreport in development mode using configuration file dev.config.json
2016-09-03T03:25:43.091Z - info: Setting process based strategy for rendering. Please visit http://jsreport.net/learn/configuration for information how to get more performance.
2016-09-03T03:25:43.133Z - info: Searching for available extensions in C:\xampp\htdocs\siakadmean\
2016-09-03T03:25:43.280Z - info: Extensions location cache contains up to date information, skipping crawling in C:\xampp\htdocs\siakadmean\node_modules\jsreport\node_modules\
2016-09-03T03:25:45.837Z - info: Found 25 extensions
2016-09-03T03:25:45.976Z - debug: Writing extension locations cache to C:\Users\JUANCE~1\AppData\Local\Temp\jsreport-temp\extensions\locations.json
2016-09-03T03:25:45.985Z - debug: Discovered 25 extensions
2016-09-03T03:25:46.000Z - info: Using extension jsrender
2016-09-03T03:25:46.038Z - info: Using extension authentication
2016-09-03T03:25:46.269Z - debug: Extension authentication was disabled
2016-09-03T03:25:46.269Z - info: Using extension browser-client
2016-09-03T03:25:46.404Z - info: Using extension templates
2016-09-03T03:25:46.480Z - info: Using extension studio
2016-09-03T03:25:46.926Z - info: Using extension debug
2016-09-03T03:25:46.930Z - info: Using extension express
2016-09-03T03:25:47.424Z - info: Using extension fop-pdf
2016-09-03T03:25:47.568Z - info: Using extension handlebars
2016-09-03T03:25:47.573Z - info: Using extension resources
2016-09-03T03:25:47.613Z - info: Using extension fs-store
2016-09-03T03:25:48.102Z - debug: Extension fs-store was disabled
2016-09-03T03:25:48.103Z - info: Using extension images
2016-09-03T03:25:48.387Z - info: Using extension authorization
2016-09-03T03:25:48.413Z - debug: Extension authorization was disabled
2016-09-03T03:25:48.415Z - info: Using extension licensing
2016-09-03T03:25:48.540Z - info: Using extension phantom-pdf
2016-09-03T03:25:48.607Z - info: Using extension text
2016-09-03T03:25:48.612Z - info: Using extension reports
2016-09-03T03:25:48.644Z - info: Using extension html-to-xlsx
2016-09-03T03:25:48.904Z - info: Using extension child-templates
2016-09-03T03:25:48.943Z - info: Using extension data
2016-09-03T03:25:48.992Z - info: Using extension scripts
2016-09-03T03:25:49.039Z - info: Using extension scheduling
2016-09-03T03:25:49.237Z - info: Using extension xlsx
2016-09-03T03:25:50.775Z - info: Using extension sample-template
2016-09-03T03:25:50.780Z - info: Using extension public-templates
2016-09-03T03:25:50.820Z - debug: Extension public-templates was disabled
2016-09-03T03:25:50.902Z - info: Creating memory store
2016-09-03T03:25:50.967Z - info: Creating default express app.
2016-09-03T03:25:51.341Z - info: jsreport server successfully started on http port: 50401
2016-09-03T03:25:51.349Z - warn: License not found, using free
2016-09-03T03:25:51.373Z - info: reporter initialized
2016-09-03T03:25:56.239Z - info: Starting rendering request 1 (user: null) requestId=1
2016-09-03T03:25:56.278Z - info: Rendering anonymous template { recipe:undefined,engine:handlebars} requestId=1
2016-09-03T03:25:56.281Z - debug: Inline data specified. requestId=1
2016-09-03T03:25:56.288Z - debug: Resources not defined for this template. requestId=1
2016-09-03T03:25:56.296Z - debug: Rendering engine handlebars requestId=1
2016-09-03T03:25:58.754Z - error: Error when processing render request Error during rendering report: Parse error on line 1:
...ayLoudly this.name}}
-----------------------^
Expecting 'COMMENT', 'CONTENT', 'OPEN_RAW_BLOCK', 'OPEN_BLOCK', 'OPEN_INVERSE', 'OPEN_INVERSE_CHAIN', 'INVERSE', 'OPEN_ENDBLOCK', 'OPEN', 'OPEN_UNESCAPED', 'OPEN_PARTIAL', 'OPEN_PARTIAL_BLOCK', got 'EOF' Error: Parse error on line 1:
...ayLoudly this.name}}
-----------------------^
Expecting 'COMMENT', 'CONTENT', 'OPEN_RAW_BLOCK', 'OPEN_BLOCK', 'OPEN_INVERSE', 'OPEN_INVERSE_CHAIN', 'INVERSE', 'OPEN_ENDBLOCK', 'OPEN', 'OPEN_UNESCAPED', 'OPEN_PARTIAL', 'OPEN_PARTIAL_BLOCK', got 'EOF'
    at Object.parseError (C:\xampp\htdocs\siakadmean\node_modules\jsreport\node_modules\jsreport-handlebars\node_modules\handlebars\dist\cjs\handlebars\compiler\parser.js:267:19)
    at Object.parse (C:\xampp\htdocs\siakadmean\node_modules\jsreport\node_modules\jsreport-handlebars\node_modules\handlebars\dist\cjs\handlebars\compiler\parser.js:336:30)
    at HandlebarsEnvironment.parse (C:\xampp\htdocs\siakadmean\node_modules\jsreport\node_modules\jsreport-handlebars\node_modules\handlebars\dist\cjs\handlebars\compiler\base.js:46:43)
    at compileInput (C:\xampp\htdocs\siakadmean\node_modules\jsreport\node_modules\jsreport-handlebars\node_modules\handlebars\dist\cjs\handlebars\compiler\compiler.js:514:19)
    at ret (C:\xampp\htdocs\siakadmean\node_modules\jsreport\node_modules\jsreport-handlebars\node_modules\handlebars\dist\cjs\handlebars\compiler\compiler.js:523:18)
    at C:\xampp\htdocs\siakadmean\node_modules\jsreport\node_modules\jsreport-handlebars\lib\handlebarsEngine.js:26:14
    at evalmachine.<anonymous>:1:41
    at ContextifyScript.Script.runInNewContext (vm.js:18:15)
    at Object.exports.runInNewContext (vm.js:49:17)
    at module.exports (C:\xampp\htdocs\siakadmean\node_modules\jsreport\node_modules\jsreport-core\lib\render\engineScript.js:168:8)
From previous event:
    at C:\xampp\htdocs\siakadmean\node_modules\jsreport\node_modules\jsreport-core\lib\render\render.js:143:54
    at _fulfilled (C:\xampp\htdocs\siakadmean\node_modules\jsreport\node_modules\jsreport-core\node_modules\listener-collection\node_modules\q\q.js:794:54)
    at self.promiseDispatch.done (C:\xampp\htdocs\siakadmean\node_modules\jsreport\node_modules\jsreport-core\node_modules\listener-collection\node_modules\q\q.js:823:30)
    at Promise.promise.promiseDispatch (C:\xampp\htdocs\siakadmean\node_modules\jsreport\node_modules\jsreport-core\node_modules\listener-collection\node_modules\q\q.js:756:13)
    at C:\xampp\htdocs\siakadmean\node_modules\jsreport\node_modules\jsreport-core\node_modules\listener-collection\node_modules\q\q.js:564:44
    at flush (C:\xampp\htdocs\siakadmean\node_modules\jsreport\node_modules\jsreport-core\node_modules\listener-collection\node_modules\q\q.js:110:17) requestId=1
2016-09-03T03:27:45.998Z - info: Starting rendering request 2 (user: null) requestId=2
2016-09-03T03:27:46.045Z - info: Rendering anonymous template { recipe:undefined,engine:handlebars} requestId=2
2016-09-03T03:27:46.048Z - debug: Inline data specified. requestId=2
2016-09-03T03:27:46.069Z - debug: Resources not defined for this template. requestId=2
2016-09-03T03:27:46.096Z - debug: Rendering engine handlebars requestId=2
2016-09-03T03:27:47.180Z - error: Error when processing render request Error during rendering report: Parse error on line 1:
...ayLoudly this.name}}
-----------------------^
Expecting 'COMMENT', 'CONTENT', 'OPEN_RAW_BLOCK', 'OPEN_BLOCK', 'OPEN_INVERSE', 'OPEN_INVERSE_CHAIN', 'INVERSE', 'OPEN_ENDBLOCK', 'OPEN', 'OPEN_UNESCAPED', 'OPEN_PARTIAL', 'OPEN_PARTIAL_BLOCK', got 'EOF' Error: Parse error on line 1:
...ayLoudly this.name}}
-----------------------^
Expecting 'COMMENT', 'CONTENT', 'OPEN_RAW_BLOCK', 'OPEN_BLOCK', 'OPEN_INVERSE', 'OPEN_INVERSE_CHAIN', 'INVERSE', 'OPEN_ENDBLOCK', 'OPEN', 'OPEN_UNESCAPED', 'OPEN_PARTIAL', 'OPEN_PARTIAL_BLOCK', got 'EOF'
    at Object.parseError (C:\xampp\htdocs\siakadmean\node_modules\jsreport\node_modules\jsreport-handlebars\node_modules\handlebars\dist\cjs\handlebars\compiler\parser.js:267:19)
    at Object.parse (C:\xampp\htdocs\siakadmean\node_modules\jsreport\node_modules\jsreport-handlebars\node_modules\handlebars\dist\cjs\handlebars\compiler\parser.js:336:30)
    at HandlebarsEnvironment.parse (C:\xampp\htdocs\siakadmean\node_modules\jsreport\node_modules\jsreport-handlebars\node_modules\handlebars\dist\cjs\handlebars\compiler\base.js:46:43)
    at compileInput (C:\xampp\htdocs\siakadmean\node_modules\jsreport\node_modules\jsreport-handlebars\node_modules\handlebars\dist\cjs\handlebars\compiler\compiler.js:514:19)
    at ret (C:\xampp\htdocs\siakadmean\node_modules\jsreport\node_modules\jsreport-handlebars\node_modules\handlebars\dist\cjs\handlebars\compiler\compiler.js:523:18)
    at C:\xampp\htdocs\siakadmean\node_modules\jsreport\node_modules\jsreport-handlebars\lib\handlebarsEngine.js:26:14
    at evalmachine.<anonymous>:1:41
    at ContextifyScript.Script.runInNewContext (vm.js:18:15)
    at Object.exports.runInNewContext (vm.js:49:17)
    at module.exports (C:\xampp\htdocs\siakadmean\node_modules\jsreport\node_modules\jsreport-core\lib\render\engineScript.js:168:8)
From previous event:
    at C:\xampp\htdocs\siakadmean\node_modules\jsreport\node_modules\jsreport-core\lib\render\render.js:143:54
    at _fulfilled (C:\xampp\htdocs\siakadmean\node_modules\jsreport\node_modules\jsreport-core\node_modules\listener-collection\node_modules\q\q.js:794:54)
    at self.promiseDispatch.done (C:\xampp\htdocs\siakadmean\node_modules\jsreport\node_modules\jsreport-core\node_modules\listener-collection\node_modules\q\q.js:823:30)
    at Promise.promise.promiseDispatch (C:\xampp\htdocs\siakadmean\node_modules\jsreport\node_modules\jsreport-core\node_modules\listener-collection\node_modules\q\q.js:756:13)
    at C:\xampp\htdocs\siakadmean\node_modules\jsreport\node_modules\jsreport-core\node_modules\listener-collection\node_modules\q\q.js:564:44
    at flush (C:\xampp\htdocs\siakadmean\node_modules\jsreport\node_modules\jsreport-core\node_modules\listener-collection\node_modules\q\q.js:110:17) requestId=2
